<?xml version="1.0" encoding="UTF-8"?>
<TestRun id="b9dadcec-c4cb-4257-a2da-ede9438bfd5c" name="PeterGfader@GECKO 2010-05-31 23:39:57" runUser="SSW2000\PeterGfader" xmlns="http://microsoft.com/schemas/VisualStudio/TeamTest/2010">
  <TestSettings name="Local" id="e2f71690-26e0-4119-a69e-37d8111239f3">
    <Description>These are default test settings for a local test run.</Description>
    <Deployment enabled="false" runDeploymentRoot="PeterGfader_GECKO 2010-05-31 23_39_57" />
    <Execution>
      <TestTypeSpecific />
      <AgentRule name="Execution Agents">
      </AgentRule>
    </Execution>
  </TestSettings>
  <Times creation="2010-05-31T23:39:57.3263707+10:00" queuing="2010-05-31T23:39:57.3543723+10:00" start="2010-05-31T23:39:57.3733734+10:00" finish="2010-05-31T23:39:57.8694018+10:00" />
  <ResultSummary outcome="Failed">
    <Counters total="5" executed="5" passed="4" error="0" failed="1" timeout="0" aborted="0" inconclusive="0" passedButRunAborted="0" notRunnable="0" notExecuted="0" disconnected="0" warning="0" completed="0" inProgress="0" pending="0" />
  </ResultSummary>
  <TestDefinitions>
    <UnitTest name="TestMethod3" storage="d:\datapetergfader\projectstfs-athome\silverlight-feedback\silverlight-lob-demo-application\tests.unit.silverlight\bin\debug\tests.unit.silverlight.dll" id="77b1bbe0-93ee-a9a8-a194-2703370a669b">
      <Execution id="f5a4b4d9-0d1e-41b8-bf2b-a66f402d7bd2" />
      <TestMethod codeBase="D:/DataPeterGfader/ProjectsTFS-AtHome/Silverlight-Feedback/Silverlight-LOB-Demo-Application/Tests.Unit.Silverlight/bin/Debug/Tests.Unit.Silverlight.DLL" adapterTypeName="Microsoft.VisualStudio.TestTools.TestTypes.Unit.UnitTestAdapter, Microsoft.VisualStudio.QualityTools.Tips.UnitTest.Adapter, Version=10.0.0.0, Culture=neutral, PublicKeyToken=b03f5f7f11d50a3a" className="Tests.Unit.Silverlight.UnitTest1, Tests.Unit.Silverlight, Version=1.0.0.0, Culture=neutral, PublicKeyToken=null" name="TestMethod3" />
    </UnitTest>
    <UnitTest name="TestMethod5" storage="d:\datapetergfader\projectstfs-athome\silverlight-feedback\silverlight-lob-demo-application\tests.unit.silverlight\bin\debug\tests.unit.silverlight.dll" id="8982e24f-5805-2b5d-c944-b4061c91d459">
      <Execution id="56bb82e8-70af-43ef-a2be-9fba253975c8" />
      <TestMethod codeBase="D:/DataPeterGfader/ProjectsTFS-AtHome/Silverlight-Feedback/Silverlight-LOB-Demo-Application/Tests.Unit.Silverlight/bin/Debug/Tests.Unit.Silverlight.DLL" adapterTypeName="Microsoft.VisualStudio.TestTools.TestTypes.Unit.UnitTestAdapter, Microsoft.VisualStudio.QualityTools.Tips.UnitTest.Adapter, Version=10.0.0.0, Culture=neutral, PublicKeyToken=b03f5f7f11d50a3a" className="Tests.Unit.Silverlight.UnitTest1, Tests.Unit.Silverlight, Version=1.0.0.0, Culture=neutral, PublicKeyToken=null" name="TestMethod5" />
    </UnitTest>
    <UnitTest name="TestMethod1" storage="d:\datapetergfader\projectstfs-athome\silverlight-feedback\silverlight-lob-demo-application\tests.unit.silverlight\bin\debug\tests.unit.silverlight.dll" id="343cca0e-5b76-3735-7331-1de2e080b35e">
      <Execution id="6f9a12d0-cabe-4734-823f-4e3d5f8eabcb" />
      <TestMethod codeBase="D:/DataPeterGfader/ProjectsTFS-AtHome/Silverlight-Feedback/Silverlight-LOB-Demo-Application/Tests.Unit.Silverlight/bin/Debug/Tests.Unit.Silverlight.DLL" adapterTypeName="Microsoft.VisualStudio.TestTools.TestTypes.Unit.UnitTestAdapter, Microsoft.VisualStudio.QualityTools.Tips.UnitTest.Adapter, Version=10.0.0.0, Culture=neutral, PublicKeyToken=b03f5f7f11d50a3a" className="Tests.Unit.Silverlight.UnitTest1, Tests.Unit.Silverlight, Version=1.0.0.0, Culture=neutral, PublicKeyToken=null" name="TestMethod1" />
    </UnitTest>
    <UnitTest name="TestMethod2" storage="d:\datapetergfader\projectstfs-athome\silverlight-feedback\silverlight-lob-demo-application\tests.unit.silverlight\bin\debug\tests.unit.silverlight.dll" id="36736f15-6c94-af81-d39d-75e33fb0c14b">
      <Execution id="5a5d2caa-414c-46da-858d-924947aa3160" />
      <TestMethod codeBase="D:/DataPeterGfader/ProjectsTFS-AtHome/Silverlight-Feedback/Silverlight-LOB-Demo-Application/Tests.Unit.Silverlight/bin/Debug/Tests.Unit.Silverlight.DLL" adapterTypeName="Microsoft.VisualStudio.TestTools.TestTypes.Unit.UnitTestAdapter, Microsoft.VisualStudio.QualityTools.Tips.UnitTest.Adapter, Version=10.0.0.0, Culture=neutral, PublicKeyToken=b03f5f7f11d50a3a" className="Tests.Unit.Silverlight.UnitTest1, Tests.Unit.Silverlight, Version=1.0.0.0, Culture=neutral, PublicKeyToken=null" name="TestMethod2" />
    </UnitTest>
    <UnitTest name="TestMethod4" storage="d:\datapetergfader\projectstfs-athome\silverlight-feedback\silverlight-lob-demo-application\tests.unit.silverlight\bin\debug\tests.unit.silverlight.dll" id="490a3ff0-82b9-c934-c61b-43e808120b67">
      <Execution id="abf1c35f-5612-4b36-a31f-b25f73d9d52d" />
      <TestMethod codeBase="D:/DataPeterGfader/ProjectsTFS-AtHome/Silverlight-Feedback/Silverlight-LOB-Demo-Application/Tests.Unit.Silverlight/bin/Debug/Tests.Unit.Silverlight.DLL" adapterTypeName="Microsoft.VisualStudio.TestTools.TestTypes.Unit.UnitTestAdapter, Microsoft.VisualStudio.QualityTools.Tips.UnitTest.Adapter, Version=10.0.0.0, Culture=neutral, PublicKeyToken=b03f5f7f11d50a3a" className="Tests.Unit.Silverlight.UnitTest1, Tests.Unit.Silverlight, Version=1.0.0.0, Culture=neutral, PublicKeyToken=null" name="TestMethod4" />
    </UnitTest>
  </TestDefinitions>
  <TestLists>
    <TestList name="Results Not in a List" id="8c84fa94-04c1-424b-9868-57a2d4851a1d" />
    <TestList name="All Loaded Results" id="19431567-8539-422a-85d7-44ee4e166bda" />
  </TestLists>
  <TestEntries>
    <TestEntry testId="343cca0e-5b76-3735-7331-1de2e080b35e" executionId="6f9a12d0-cabe-4734-823f-4e3d5f8eabcb" testListId="8c84fa94-04c1-424b-9868-57a2d4851a1d" />
    <TestEntry testId="36736f15-6c94-af81-d39d-75e33fb0c14b" executionId="5a5d2caa-414c-46da-858d-924947aa3160" testListId="8c84fa94-04c1-424b-9868-57a2d4851a1d" />
    <TestEntry testId="490a3ff0-82b9-c934-c61b-43e808120b67" executionId="abf1c35f-5612-4b36-a31f-b25f73d9d52d" testListId="8c84fa94-04c1-424b-9868-57a2d4851a1d" />
    <TestEntry testId="77b1bbe0-93ee-a9a8-a194-2703370a669b" executionId="f5a4b4d9-0d1e-41b8-bf2b-a66f402d7bd2" testListId="8c84fa94-04c1-424b-9868-57a2d4851a1d" />
    <TestEntry testId="8982e24f-5805-2b5d-c944-b4061c91d459" executionId="56bb82e8-70af-43ef-a2be-9fba253975c8" testListId="8c84fa94-04c1-424b-9868-57a2d4851a1d" />
  </TestEntries>
  <Results>
    <UnitTestResult executionId="6f9a12d0-cabe-4734-823f-4e3d5f8eabcb" testId="343cca0e-5b76-3735-7331-1de2e080b35e" testName="TestMethod1" computerName="GECKO" duration="00:00:00.0152583" startTime="2010-05-31T23:39:57.4493777+10:00" endTime="2010-05-31T23:39:57.7043923+10:00" testType="13cdc9d9-ddb5-4fa4-a97d-d965ccfc6d4b" outcome="Passed" testListId="8c84fa94-04c1-424b-9868-57a2d4851a1d" relativeResultsDirectory="6f9a12d0-cabe-4734-823f-4e3d5f8eabcb">
    </UnitTestResult>
    <UnitTestResult executionId="5a5d2caa-414c-46da-858d-924947aa3160" testId="36736f15-6c94-af81-d39d-75e33fb0c14b" testName="TestMethod2" computerName="GECKO" duration="00:00:00.0066544" startTime="2010-05-31T23:39:57.7143929+10:00" endTime="2010-05-31T23:39:57.7333940+10:00" testType="13cdc9d9-ddb5-4fa4-a97d-d965ccfc6d4b" outcome="Passed" testListId="8c84fa94-04c1-424b-9868-57a2d4851a1d" relativeResultsDirectory="5a5d2caa-414c-46da-858d-924947aa3160">
    </UnitTestResult>
    <UnitTestResult executionId="abf1c35f-5612-4b36-a31f-b25f73d9d52d" testId="490a3ff0-82b9-c934-c61b-43e808120b67" testName="TestMethod4" computerName="GECKO" duration="00:00:00.0043258" startTime="2010-05-31T23:39:57.7543952+10:00" endTime="2010-05-31T23:39:57.7753964+10:00" testType="13cdc9d9-ddb5-4fa4-a97d-d965ccfc6d4b" outcome="Passed" testListId="8c84fa94-04c1-424b-9868-57a2d4851a1d" relativeResultsDirectory="abf1c35f-5612-4b36-a31f-b25f73d9d52d">
    </UnitTestResult>
    <UnitTestResult executionId="f5a4b4d9-0d1e-41b8-bf2b-a66f402d7bd2" testId="77b1bbe0-93ee-a9a8-a194-2703370a669b" testName="TestMethod3" computerName="GECKO" duration="00:00:00.0040437" startTime="2010-05-31T23:39:57.7873971+10:00" endTime="2010-05-31T23:39:57.8043980+10:00" testType="13cdc9d9-ddb5-4fa4-a97d-d965ccfc6d4b" outcome="Passed" testListId="8c84fa94-04c1-424b-9868-57a2d4851a1d" relativeResultsDirectory="f5a4b4d9-0d1e-41b8-bf2b-a66f402d7bd2">
    </UnitTestResult>
    <UnitTestResult executionId="56bb82e8-70af-43ef-a2be-9fba253975c8" testId="8982e24f-5805-2b5d-c944-b4061c91d459" testName="TestMethod5" computerName="GECKO" duration="00:00:00.0286747" startTime="2010-05-31T23:39:57.8163987+10:00" endTime="2010-05-31T23:39:57.8524008+10:00" testType="13cdc9d9-ddb5-4fa4-a97d-d965ccfc6d4b" outcome="Failed" testListId="8c84fa94-04c1-424b-9868-57a2d4851a1d" relativeResultsDirectory="56bb82e8-70af-43ef-a2be-9fba253975c8">
      <Output>
        <ErrorInfo>
          <Message>Assert.AreEqual failed. Expected:&lt;1 d. 1 h. 1 min. 40 sec.&gt;. Actual:&lt;6 h. 35 min. 0 sec.&gt;. </Message>
          <StackTrace>   at Tests.Unit.Silverlight.UnitTest1.ConvertAndAssert(String convertToNiceTime, String expected) in D:\DataPeterGfader\ProjectsTFS-AtHome\Silverlight-Feedback\Silverlight-LOB-Demo-Application\Tests.Unit.Silverlight\UnitTest1.cs:line 93
   at Tests.Unit.Silverlight.UnitTest1.TestMethod5() in D:\DataPeterGfader\ProjectsTFS-AtHome\Silverlight-Feedback\Silverlight-LOB-Demo-Application\Tests.Unit.Silverlight\UnitTest1.cs:line 83
</StackTrace>
        </ErrorInfo>
      </Output>
    </UnitTestResult>
  </Results>
</TestRun>