<?xml version="1.0" encoding="UTF-8"?>
<TestRun id="fd9920ad-d527-477b-8b00-31bb85a6170b" name="PeterGfader@GECKO 2010-05-31 23:40:27" runUser="SSW2000\PeterGfader" xmlns="http://microsoft.com/schemas/VisualStudio/TeamTest/2010">
  <TestSettings name="Local" id="e2f71690-26e0-4119-a69e-37d8111239f3">
    <Description>These are default test settings for a local test run.</Description>
    <Deployment enabled="false" runDeploymentRoot="PeterGfader_GECKO 2010-05-31 23_40_27" />
    <Execution>
      <TestTypeSpecific />
      <AgentRule name="Execution Agents">
      </AgentRule>
    </Execution>
  </TestSettings>
  <Times creation="2010-05-31T23:40:27.5190976+10:00" queuing="2010-05-31T23:40:27.5340985+10:00" start="2010-05-31T23:40:27.5470992+10:00" finish="2010-05-31T23:40:27.9791239+10:00" />
  <ResultSummary outcome="Completed">
    <Counters total="5" executed="5" passed="5" error="0" failed="0" timeout="0" aborted="0" inconclusive="0" passedButRunAborted="0" notRunnable="0" notExecuted="0" disconnected="0" warning="0" completed="0" inProgress="0" pending="0" />
  </ResultSummary>
  <TestDefinitions>
    <UnitTest name="TestMethod3" storage="d:\datapetergfader\projectstfs-athome\silverlight-feedback\silverlight-lob-demo-application\tests.unit.silverlight\bin\debug\tests.unit.silverlight.dll" id="77b1bbe0-93ee-a9a8-a194-2703370a669b">
      <Execution id="14735ac7-3c71-4b4c-b699-9406728047a9" />
      <TestMethod codeBase="D:/DataPeterGfader/ProjectsTFS-AtHome/Silverlight-Feedback/Silverlight-LOB-Demo-Application/Tests.Unit.Silverlight/bin/Debug/Tests.Unit.Silverlight.DLL" adapterTypeName="Microsoft.VisualStudio.TestTools.TestTypes.Unit.UnitTestAdapter, Microsoft.VisualStudio.QualityTools.Tips.UnitTest.Adapter, Version=10.0.0.0, Culture=neutral, PublicKeyToken=b03f5f7f11d50a3a" className="Tests.Unit.Silverlight.UnitTest1, Tests.Unit.Silverlight, Version=1.0.0.0, Culture=neutral, PublicKeyToken=null" name="TestMethod3" />
    </UnitTest>
    <UnitTest name="TestMethod5" storage="d:\datapetergfader\projectstfs-athome\silverlight-feedback\silverlight-lob-demo-application\tests.unit.silverlight\bin\debug\tests.unit.silverlight.dll" id="8982e24f-5805-2b5d-c944-b4061c91d459">
      <Execution id="da0ea767-e524-416f-899b-d62d906b4cba" />
      <TestMethod codeBase="D:/DataPeterGfader/ProjectsTFS-AtHome/Silverlight-Feedback/Silverlight-LOB-Demo-Application/Tests.Unit.Silverlight/bin/Debug/Tests.Unit.Silverlight.DLL" adapterTypeName="Microsoft.VisualStudio.TestTools.TestTypes.Unit.UnitTestAdapter, Microsoft.VisualStudio.QualityTools.Tips.UnitTest.Adapter, Version=10.0.0.0, Culture=neutral, PublicKeyToken=b03f5f7f11d50a3a" className="Tests.Unit.Silverlight.UnitTest1, Tests.Unit.Silverlight, Version=1.0.0.0, Culture=neutral, PublicKeyToken=null" name="TestMethod5" />
    </UnitTest>
    <UnitTest name="TestMethod1" storage="d:\datapetergfader\projectstfs-athome\silverlight-feedback\silverlight-lob-demo-application\tests.unit.silverlight\bin\debug\tests.unit.silverlight.dll" id="343cca0e-5b76-3735-7331-1de2e080b35e">
      <Execution id="9be75f13-4e13-4530-b742-8f2de6474f06" />
      <TestMethod codeBase="D:/DataPeterGfader/ProjectsTFS-AtHome/Silverlight-Feedback/Silverlight-LOB-Demo-Application/Tests.Unit.Silverlight/bin/Debug/Tests.Unit.Silverlight.DLL" adapterTypeName="Microsoft.VisualStudio.TestTools.TestTypes.Unit.UnitTestAdapter, Microsoft.VisualStudio.QualityTools.Tips.UnitTest.Adapter, Version=10.0.0.0, Culture=neutral, PublicKeyToken=b03f5f7f11d50a3a" className="Tests.Unit.Silverlight.UnitTest1, Tests.Unit.Silverlight, Version=1.0.0.0, Culture=neutral, PublicKeyToken=null" name="TestMethod1" />
    </UnitTest>
    <UnitTest name="TestMethod2" storage="d:\datapetergfader\projectstfs-athome\silverlight-feedback\silverlight-lob-demo-application\tests.unit.silverlight\bin\debug\tests.unit.silverlight.dll" id="36736f15-6c94-af81-d39d-75e33fb0c14b">
      <Execution id="1e499586-fff1-4c14-88f8-c0ff521b50cf" />
      <TestMethod codeBase="D:/DataPeterGfader/ProjectsTFS-AtHome/Silverlight-Feedback/Silverlight-LOB-Demo-Application/Tests.Unit.Silverlight/bin/Debug/Tests.Unit.Silverlight.DLL" adapterTypeName="Microsoft.VisualStudio.TestTools.TestTypes.Unit.UnitTestAdapter, Microsoft.VisualStudio.QualityTools.Tips.UnitTest.Adapter, Version=10.0.0.0, Culture=neutral, PublicKeyToken=b03f5f7f11d50a3a" className="Tests.Unit.Silverlight.UnitTest1, Tests.Unit.Silverlight, Version=1.0.0.0, Culture=neutral, PublicKeyToken=null" name="TestMethod2" />
    </UnitTest>
    <UnitTest name="TestMethod4" storage="d:\datapetergfader\projectstfs-athome\silverlight-feedback\silverlight-lob-demo-application\tests.unit.silverlight\bin\debug\tests.unit.silverlight.dll" id="490a3ff0-82b9-c934-c61b-43e808120b67">
      <Execution id="744f20e9-e226-44f9-8004-1b33a7cc9aea" />
      <TestMethod codeBase="D:/DataPeterGfader/ProjectsTFS-AtHome/Silverlight-Feedback/Silverlight-LOB-Demo-Application/Tests.Unit.Silverlight/bin/Debug/Tests.Unit.Silverlight.DLL" adapterTypeName="Microsoft.VisualStudio.TestTools.TestTypes.Unit.UnitTestAdapter, Microsoft.VisualStudio.QualityTools.Tips.UnitTest.Adapter, Version=10.0.0.0, Culture=neutral, PublicKeyToken=b03f5f7f11d50a3a" className="Tests.Unit.Silverlight.UnitTest1, Tests.Unit.Silverlight, Version=1.0.0.0, Culture=neutral, PublicKeyToken=null" name="TestMethod4" />
    </UnitTest>
  </TestDefinitions>
  <TestLists>
    <TestList name="Results Not in a List" id="8c84fa94-04c1-424b-9868-57a2d4851a1d" />
    <TestList name="All Loaded Results" id="19431567-8539-422a-85d7-44ee4e166bda" />
  </TestLists>
  <TestEntries>
    <TestEntry testId="343cca0e-5b76-3735-7331-1de2e080b35e" executionId="9be75f13-4e13-4530-b742-8f2de6474f06" testListId="8c84fa94-04c1-424b-9868-57a2d4851a1d" />
    <TestEntry testId="36736f15-6c94-af81-d39d-75e33fb0c14b" executionId="1e499586-fff1-4c14-88f8-c0ff521b50cf" testListId="8c84fa94-04c1-424b-9868-57a2d4851a1d" />
    <TestEntry testId="490a3ff0-82b9-c934-c61b-43e808120b67" executionId="744f20e9-e226-44f9-8004-1b33a7cc9aea" testListId="8c84fa94-04c1-424b-9868-57a2d4851a1d" />
    <TestEntry testId="77b1bbe0-93ee-a9a8-a194-2703370a669b" executionId="14735ac7-3c71-4b4c-b699-9406728047a9" testListId="8c84fa94-04c1-424b-9868-57a2d4851a1d" />
    <TestEntry testId="8982e24f-5805-2b5d-c944-b4061c91d459" executionId="da0ea767-e524-416f-899b-d62d906b4cba" testListId="8c84fa94-04c1-424b-9868-57a2d4851a1d" />
  </TestEntries>
  <Results>
    <UnitTestResult executionId="9be75f13-4e13-4530-b742-8f2de6474f06" testId="343cca0e-5b76-3735-7331-1de2e080b35e" testName="TestMethod1" computerName="GECKO" duration="00:00:00.0152883" startTime="2010-05-31T23:40:27.5781010+10:00" endTime="2010-05-31T23:40:27.8221150+10:00" testType="13cdc9d9-ddb5-4fa4-a97d-d965ccfc6d4b" outcome="Passed" testListId="8c84fa94-04c1-424b-9868-57a2d4851a1d" relativeResultsDirectory="9be75f13-4e13-4530-b742-8f2de6474f06">
    </UnitTestResult>
    <UnitTestResult executionId="1e499586-fff1-4c14-88f8-c0ff521b50cf" testId="36736f15-6c94-af81-d39d-75e33fb0c14b" testName="TestMethod2" computerName="GECKO" duration="00:00:00.0049528" startTime="2010-05-31T23:40:27.8321155+10:00" endTime="2010-05-31T23:40:27.8441162+10:00" testType="13cdc9d9-ddb5-4fa4-a97d-d965ccfc6d4b" outcome="Passed" testListId="8c84fa94-04c1-424b-9868-57a2d4851a1d" relativeResultsDirectory="1e499586-fff1-4c14-88f8-c0ff521b50cf">
    </UnitTestResult>
    <UnitTestResult executionId="744f20e9-e226-44f9-8004-1b33a7cc9aea" testId="490a3ff0-82b9-c934-c61b-43e808120b67" testName="TestMethod4" computerName="GECKO" duration="00:00:00.0001942" startTime="2010-05-31T23:40:27.8561169+10:00" endTime="2010-05-31T23:40:27.8831184+10:00" testType="13cdc9d9-ddb5-4fa4-a97d-d965ccfc6d4b" outcome="Passed" testListId="8c84fa94-04c1-424b-9868-57a2d4851a1d" relativeResultsDirectory="744f20e9-e226-44f9-8004-1b33a7cc9aea">
    </UnitTestResult>
    <UnitTestResult executionId="14735ac7-3c71-4b4c-b699-9406728047a9" testId="77b1bbe0-93ee-a9a8-a194-2703370a669b" testName="TestMethod3" computerName="GECKO" duration="00:00:00.0008922" startTime="2010-05-31T23:40:27.9071198+10:00" endTime="2010-05-31T23:40:27.9321212+10:00" testType="13cdc9d9-ddb5-4fa4-a97d-d965ccfc6d4b" outcome="Passed" testListId="8c84fa94-04c1-424b-9868-57a2d4851a1d" relativeResultsDirectory="14735ac7-3c71-4b4c-b699-9406728047a9">
    </UnitTestResult>
    <UnitTestResult executionId="da0ea767-e524-416f-899b-d62d906b4cba" testId="8982e24f-5805-2b5d-c944-b4061c91d459" testName="TestMethod5" computerName="GECKO" duration="00:00:00.0008869" startTime="2010-05-31T23:40:27.9441219+10:00" endTime="2010-05-31T23:40:27.9601228+10:00" testType="13cdc9d9-ddb5-4fa4-a97d-d965ccfc6d4b" outcome="Passed" testListId="8c84fa94-04c1-424b-9868-57a2d4851a1d" relativeResultsDirectory="da0ea767-e524-416f-899b-d62d906b4cba">
    </UnitTestResult>
  </Results>
</TestRun>