<?xml version="1.0" encoding="UTF-8"?>
<TestRun id="5ff04d41-956d-48d6-b95e-6ac787201f1f" name="PeterGfader@GECKO 2010-05-31 23:40:05" runUser="SSW2000\PeterGfader" xmlns="http://microsoft.com/schemas/VisualStudio/TeamTest/2010">
  <TestSettings name="Local" id="e2f71690-26e0-4119-a69e-37d8111239f3">
    <Description>These are default test settings for a local test run.</Description>
    <Deployment enabled="false" runDeploymentRoot="PeterGfader_GECKO 2010-05-31 23_40_05" />
    <Execution>
      <TestTypeSpecific />
      <AgentRule name="Execution Agents">
      </AgentRule>
    </Execution>
  </TestSettings>
  <Times creation="2010-05-31T23:40:05.1998210+10:00" queuing="2010-05-31T23:40:05.2178221+10:00" start="2010-05-31T23:40:05.2288227+10:00" finish="2010-05-31T23:40:05.7398519+10:00" />
  <ResultSummary outcome="Failed">
    <Counters total="5" executed="5" passed="4" error="0" failed="1" timeout="0" aborted="0" inconclusive="0" passedButRunAborted="0" notRunnable="0" notExecuted="0" disconnected="0" warning="0" completed="0" inProgress="0" pending="0" />
  </ResultSummary>
  <TestDefinitions>
    <UnitTest name="TestMethod3" storage="d:\datapetergfader\projectstfs-athome\silverlight-feedback\silverlight-lob-demo-application\tests.unit.silverlight\bin\debug\tests.unit.silverlight.dll" id="77b1bbe0-93ee-a9a8-a194-2703370a669b">
      <Execution id="6007ad2a-d7da-4703-9a75-355c03657448" />
      <TestMethod codeBase="D:/DataPeterGfader/ProjectsTFS-AtHome/Silverlight-Feedback/Silverlight-LOB-Demo-Application/Tests.Unit.Silverlight/bin/Debug/Tests.Unit.Silverlight.DLL" adapterTypeName="Microsoft.VisualStudio.TestTools.TestTypes.Unit.UnitTestAdapter, Microsoft.VisualStudio.QualityTools.Tips.UnitTest.Adapter, Version=10.0.0.0, Culture=neutral, PublicKeyToken=b03f5f7f11d50a3a" className="Tests.Unit.Silverlight.UnitTest1, Tests.Unit.Silverlight, Version=1.0.0.0, Culture=neutral, PublicKeyToken=null" name="TestMethod3" />
    </UnitTest>
    <UnitTest name="TestMethod5" storage="d:\datapetergfader\projectstfs-athome\silverlight-feedback\silverlight-lob-demo-application\tests.unit.silverlight\bin\debug\tests.unit.silverlight.dll" id="8982e24f-5805-2b5d-c944-b4061c91d459">
      <Execution id="6f785241-7c18-4e3f-bb74-40e0249dcea0" />
      <TestMethod codeBase="D:/DataPeterGfader/ProjectsTFS-AtHome/Silverlight-Feedback/Silverlight-LOB-Demo-Application/Tests.Unit.Silverlight/bin/Debug/Tests.Unit.Silverlight.DLL" adapterTypeName="Microsoft.VisualStudio.TestTools.TestTypes.Unit.UnitTestAdapter, Microsoft.VisualStudio.QualityTools.Tips.UnitTest.Adapter, Version=10.0.0.0, Culture=neutral, PublicKeyToken=b03f5f7f11d50a3a" className="Tests.Unit.Silverlight.UnitTest1, Tests.Unit.Silverlight, Version=1.0.0.0, Culture=neutral, PublicKeyToken=null" name="TestMethod5" />
    </UnitTest>
    <UnitTest name="TestMethod1" storage="d:\datapetergfader\projectstfs-athome\silverlight-feedback\silverlight-lob-demo-application\tests.unit.silverlight\bin\debug\tests.unit.silverlight.dll" id="343cca0e-5b76-3735-7331-1de2e080b35e">
      <Execution id="e78e6a2c-1f92-4af6-9957-282f80977721" />
      <TestMethod codeBase="D:/DataPeterGfader/ProjectsTFS-AtHome/Silverlight-Feedback/Silverlight-LOB-Demo-Application/Tests.Unit.Silverlight/bin/Debug/Tests.Unit.Silverlight.DLL" adapterTypeName="Microsoft.VisualStudio.TestTools.TestTypes.Unit.UnitTestAdapter, Microsoft.VisualStudio.QualityTools.Tips.UnitTest.Adapter, Version=10.0.0.0, Culture=neutral, PublicKeyToken=b03f5f7f11d50a3a" className="Tests.Unit.Silverlight.UnitTest1, Tests.Unit.Silverlight, Version=1.0.0.0, Culture=neutral, PublicKeyToken=null" name="TestMethod1" />
    </UnitTest>
    <UnitTest name="TestMethod2" storage="d:\datapetergfader\projectstfs-athome\silverlight-feedback\silverlight-lob-demo-application\tests.unit.silverlight\bin\debug\tests.unit.silverlight.dll" id="36736f15-6c94-af81-d39d-75e33fb0c14b">
      <Execution id="e124c0ba-40e5-4787-91bd-67f61c2f152c" />
      <TestMethod codeBase="D:/DataPeterGfader/ProjectsTFS-AtHome/Silverlight-Feedback/Silverlight-LOB-Demo-Application/Tests.Unit.Silverlight/bin/Debug/Tests.Unit.Silverlight.DLL" adapterTypeName="Microsoft.VisualStudio.TestTools.TestTypes.Unit.UnitTestAdapter, Microsoft.VisualStudio.QualityTools.Tips.UnitTest.Adapter, Version=10.0.0.0, Culture=neutral, PublicKeyToken=b03f5f7f11d50a3a" className="Tests.Unit.Silverlight.UnitTest1, Tests.Unit.Silverlight, Version=1.0.0.0, Culture=neutral, PublicKeyToken=null" name="TestMethod2" />
    </UnitTest>
    <UnitTest name="TestMethod4" storage="d:\datapetergfader\projectstfs-athome\silverlight-feedback\silverlight-lob-demo-application\tests.unit.silverlight\bin\debug\tests.unit.silverlight.dll" id="490a3ff0-82b9-c934-c61b-43e808120b67">
      <Execution id="5f3a4df8-cb00-46cb-aff0-af3f0e6a8afe" />
      <TestMethod codeBase="D:/DataPeterGfader/ProjectsTFS-AtHome/Silverlight-Feedback/Silverlight-LOB-Demo-Application/Tests.Unit.Silverlight/bin/Debug/Tests.Unit.Silverlight.DLL" adapterTypeName="Microsoft.VisualStudio.TestTools.TestTypes.Unit.UnitTestAdapter, Microsoft.VisualStudio.QualityTools.Tips.UnitTest.Adapter, Version=10.0.0.0, Culture=neutral, PublicKeyToken=b03f5f7f11d50a3a" className="Tests.Unit.Silverlight.UnitTest1, Tests.Unit.Silverlight, Version=1.0.0.0, Culture=neutral, PublicKeyToken=null" name="TestMethod4" />
    </UnitTest>
  </TestDefinitions>
  <TestLists>
    <TestList name="Results Not in a List" id="8c84fa94-04c1-424b-9868-57a2d4851a1d" />
    <TestList name="All Loaded Results" id="19431567-8539-422a-85d7-44ee4e166bda" />
  </TestLists>
  <TestEntries>
    <TestEntry testId="343cca0e-5b76-3735-7331-1de2e080b35e" executionId="e78e6a2c-1f92-4af6-9957-282f80977721" testListId="8c84fa94-04c1-424b-9868-57a2d4851a1d" />
    <TestEntry testId="36736f15-6c94-af81-d39d-75e33fb0c14b" executionId="e124c0ba-40e5-4787-91bd-67f61c2f152c" testListId="8c84fa94-04c1-424b-9868-57a2d4851a1d" />
    <TestEntry testId="490a3ff0-82b9-c934-c61b-43e808120b67" executionId="5f3a4df8-cb00-46cb-aff0-af3f0e6a8afe" testListId="8c84fa94-04c1-424b-9868-57a2d4851a1d" />
    <TestEntry testId="77b1bbe0-93ee-a9a8-a194-2703370a669b" executionId="6007ad2a-d7da-4703-9a75-355c03657448" testListId="8c84fa94-04c1-424b-9868-57a2d4851a1d" />
    <TestEntry testId="8982e24f-5805-2b5d-c944-b4061c91d459" executionId="6f785241-7c18-4e3f-bb74-40e0249dcea0" testListId="8c84fa94-04c1-424b-9868-57a2d4851a1d" />
  </TestEntries>
  <Results>
    <UnitTestResult executionId="e78e6a2c-1f92-4af6-9957-282f80977721" testId="343cca0e-5b76-3735-7331-1de2e080b35e" testName="TestMethod1" computerName="GECKO" duration="00:00:00.0152826" startTime="2010-05-31T23:40:05.3208280+10:00" endTime="2010-05-31T23:40:05.5788427+10:00" testType="13cdc9d9-ddb5-4fa4-a97d-d965ccfc6d4b" outcome="Passed" testListId="8c84fa94-04c1-424b-9868-57a2d4851a1d" relativeResultsDirectory="e78e6a2c-1f92-4af6-9957-282f80977721">
    </UnitTestResult>
    <UnitTestResult executionId="e124c0ba-40e5-4787-91bd-67f61c2f152c" testId="36736f15-6c94-af81-d39d-75e33fb0c14b" testName="TestMethod2" computerName="GECKO" duration="00:00:00.0009123" startTime="2010-05-31T23:40:05.5928435+10:00" endTime="2010-05-31T23:40:05.6098445+10:00" testType="13cdc9d9-ddb5-4fa4-a97d-d965ccfc6d4b" outcome="Passed" testListId="8c84fa94-04c1-424b-9868-57a2d4851a1d" relativeResultsDirectory="e124c0ba-40e5-4787-91bd-67f61c2f152c">
    </UnitTestResult>
    <UnitTestResult executionId="5f3a4df8-cb00-46cb-aff0-af3f0e6a8afe" testId="490a3ff0-82b9-c934-c61b-43e808120b67" testName="TestMethod4" computerName="GECKO" duration="00:00:00.0008803" startTime="2010-05-31T23:40:05.6208451+10:00" endTime="2010-05-31T23:40:05.6398462+10:00" testType="13cdc9d9-ddb5-4fa4-a97d-d965ccfc6d4b" outcome="Passed" testListId="8c84fa94-04c1-424b-9868-57a2d4851a1d" relativeResultsDirectory="5f3a4df8-cb00-46cb-aff0-af3f0e6a8afe">
    </UnitTestResult>
    <UnitTestResult executionId="6007ad2a-d7da-4703-9a75-355c03657448" testId="77b1bbe0-93ee-a9a8-a194-2703370a669b" testName="TestMethod3" computerName="GECKO" duration="00:00:00.0001806" startTime="2010-05-31T23:40:05.6508468+10:00" endTime="2010-05-31T23:40:05.6668477+10:00" testType="13cdc9d9-ddb5-4fa4-a97d-d965ccfc6d4b" outcome="Passed" testListId="8c84fa94-04c1-424b-9868-57a2d4851a1d" relativeResultsDirectory="6007ad2a-d7da-4703-9a75-355c03657448">
    </UnitTestResult>
    <UnitTestResult executionId="6f785241-7c18-4e3f-bb74-40e0249dcea0" testId="8982e24f-5805-2b5d-c944-b4061c91d459" testName="TestMethod5" computerName="GECKO" duration="00:00:00.0147352" startTime="2010-05-31T23:40:05.6758483+10:00" endTime="2010-05-31T23:40:05.7178507+10:00" testType="13cdc9d9-ddb5-4fa4-a97d-d965ccfc6d4b" outcome="Failed" testListId="8c84fa94-04c1-424b-9868-57a2d4851a1d" relativeResultsDirectory="6f785241-7c18-4e3f-bb74-40e0249dcea0">
      <Output>
        <ErrorInfo>
          <Message>Assert.AreEqual failed. Expected:&lt;1 d. 1 h. 1 min. 40 sec.&gt;. Actual:&lt;14 h. 55 min. 0 sec.&gt;. </Message>
          <StackTrace>   at Tests.Unit.Silverlight.UnitTest1.ConvertAndAssert(String convertToNiceTime, String expected) in D:\DataPeterGfader\ProjectsTFS-AtHome\Silverlight-Feedback\Silverlight-LOB-Demo-Application\Tests.Unit.Silverlight\UnitTest1.cs:line 93
   at Tests.Unit.Silverlight.UnitTest1.TestMethod5() in D:\DataPeterGfader\ProjectsTFS-AtHome\Silverlight-Feedback\Silverlight-LOB-Demo-Application\Tests.Unit.Silverlight\UnitTest1.cs:line 83
</StackTrace>
        </ErrorInfo>
      </Output>
    </UnitTestResult>
  </Results>
</TestRun>