<?xml version="1.0" encoding="UTF-8"?>
<TestRun id="f522b17c-c2f3-4c51-a046-e3dc9f75de27" name="PeterGfader@GECKO 2010-05-31 23:39:42" runUser="SSW2000\PeterGfader" xmlns="http://microsoft.com/schemas/VisualStudio/TeamTest/2010">
  <TestSettings name="Local" id="e2f71690-26e0-4119-a69e-37d8111239f3">
    <Description>These are default test settings for a local test run.</Description>
    <Deployment enabled="false" runDeploymentRoot="PeterGfader_GECKO 2010-05-31 23_39_42" />
    <Execution>
      <TestTypeSpecific />
      <AgentRule name="Execution Agents">
      </AgentRule>
    </Execution>
  </TestSettings>
  <Times creation="2010-05-31T23:39:42.6695324+10:00" queuing="2010-05-31T23:39:42.6835332+10:00" start="2010-05-31T23:39:42.6965339+10:00" finish="2010-05-31T23:39:43.1245584+10:00" />
  <ResultSummary outcome="Failed">
    <Counters total="5" executed="5" passed="4" error="0" failed="1" timeout="0" aborted="0" inconclusive="0" passedButRunAborted="0" notRunnable="0" notExecuted="0" disconnected="0" warning="0" completed="0" inProgress="0" pending="0" />
  </ResultSummary>
  <TestDefinitions>
    <UnitTest name="TestMethod3" storage="d:\datapetergfader\projectstfs-athome\silverlight-feedback\silverlight-lob-demo-application\tests.unit.silverlight\bin\debug\tests.unit.silverlight.dll" id="77b1bbe0-93ee-a9a8-a194-2703370a669b">
      <Execution id="8ace418d-c2ed-47f9-a86e-e286879d0510" />
      <TestMethod codeBase="D:/DataPeterGfader/ProjectsTFS-AtHome/Silverlight-Feedback/Silverlight-LOB-Demo-Application/Tests.Unit.Silverlight/bin/Debug/Tests.Unit.Silverlight.DLL" adapterTypeName="Microsoft.VisualStudio.TestTools.TestTypes.Unit.UnitTestAdapter, Microsoft.VisualStudio.QualityTools.Tips.UnitTest.Adapter, Version=10.0.0.0, Culture=neutral, PublicKeyToken=b03f5f7f11d50a3a" className="Tests.Unit.Silverlight.UnitTest1, Tests.Unit.Silverlight, Version=1.0.0.0, Culture=neutral, PublicKeyToken=null" name="TestMethod3" />
    </UnitTest>
    <UnitTest name="TestMethod5" storage="d:\datapetergfader\projectstfs-athome\silverlight-feedback\silverlight-lob-demo-application\tests.unit.silverlight\bin\debug\tests.unit.silverlight.dll" id="8982e24f-5805-2b5d-c944-b4061c91d459">
      <Execution id="94e1c6f2-a35b-4372-9c62-234cb0ded7b1" />
      <TestMethod codeBase="D:/DataPeterGfader/ProjectsTFS-AtHome/Silverlight-Feedback/Silverlight-LOB-Demo-Application/Tests.Unit.Silverlight/bin/Debug/Tests.Unit.Silverlight.DLL" adapterTypeName="Microsoft.VisualStudio.TestTools.TestTypes.Unit.UnitTestAdapter, Microsoft.VisualStudio.QualityTools.Tips.UnitTest.Adapter, Version=10.0.0.0, Culture=neutral, PublicKeyToken=b03f5f7f11d50a3a" className="Tests.Unit.Silverlight.UnitTest1, Tests.Unit.Silverlight, Version=1.0.0.0, Culture=neutral, PublicKeyToken=null" name="TestMethod5" />
    </UnitTest>
    <UnitTest name="TestMethod1" storage="d:\datapetergfader\projectstfs-athome\silverlight-feedback\silverlight-lob-demo-application\tests.unit.silverlight\bin\debug\tests.unit.silverlight.dll" id="343cca0e-5b76-3735-7331-1de2e080b35e">
      <Execution id="613958f5-ab9d-45fa-af39-c5fdf8121cc1" />
      <TestMethod codeBase="D:/DataPeterGfader/ProjectsTFS-AtHome/Silverlight-Feedback/Silverlight-LOB-Demo-Application/Tests.Unit.Silverlight/bin/Debug/Tests.Unit.Silverlight.DLL" adapterTypeName="Microsoft.VisualStudio.TestTools.TestTypes.Unit.UnitTestAdapter, Microsoft.VisualStudio.QualityTools.Tips.UnitTest.Adapter, Version=10.0.0.0, Culture=neutral, PublicKeyToken=b03f5f7f11d50a3a" className="Tests.Unit.Silverlight.UnitTest1, Tests.Unit.Silverlight, Version=1.0.0.0, Culture=neutral, PublicKeyToken=null" name="TestMethod1" />
    </UnitTest>
    <UnitTest name="TestMethod2" storage="d:\datapetergfader\projectstfs-athome\silverlight-feedback\silverlight-lob-demo-application\tests.unit.silverlight\bin\debug\tests.unit.silverlight.dll" id="36736f15-6c94-af81-d39d-75e33fb0c14b">
      <Execution id="21919c26-59f7-450b-9300-d382346196b5" />
      <TestMethod codeBase="D:/DataPeterGfader/ProjectsTFS-AtHome/Silverlight-Feedback/Silverlight-LOB-Demo-Application/Tests.Unit.Silverlight/bin/Debug/Tests.Unit.Silverlight.DLL" adapterTypeName="Microsoft.VisualStudio.TestTools.TestTypes.Unit.UnitTestAdapter, Microsoft.VisualStudio.QualityTools.Tips.UnitTest.Adapter, Version=10.0.0.0, Culture=neutral, PublicKeyToken=b03f5f7f11d50a3a" className="Tests.Unit.Silverlight.UnitTest1, Tests.Unit.Silverlight, Version=1.0.0.0, Culture=neutral, PublicKeyToken=null" name="TestMethod2" />
    </UnitTest>
    <UnitTest name="TestMethod4" storage="d:\datapetergfader\projectstfs-athome\silverlight-feedback\silverlight-lob-demo-application\tests.unit.silverlight\bin\debug\tests.unit.silverlight.dll" id="490a3ff0-82b9-c934-c61b-43e808120b67">
      <Execution id="52e36ce5-1ce7-47df-961f-b98ae96fe1fb" />
      <TestMethod codeBase="D:/DataPeterGfader/ProjectsTFS-AtHome/Silverlight-Feedback/Silverlight-LOB-Demo-Application/Tests.Unit.Silverlight/bin/Debug/Tests.Unit.Silverlight.DLL" adapterTypeName="Microsoft.VisualStudio.TestTools.TestTypes.Unit.UnitTestAdapter, Microsoft.VisualStudio.QualityTools.Tips.UnitTest.Adapter, Version=10.0.0.0, Culture=neutral, PublicKeyToken=b03f5f7f11d50a3a" className="Tests.Unit.Silverlight.UnitTest1, Tests.Unit.Silverlight, Version=1.0.0.0, Culture=neutral, PublicKeyToken=null" name="TestMethod4" />
    </UnitTest>
  </TestDefinitions>
  <TestLists>
    <TestList name="Results Not in a List" id="8c84fa94-04c1-424b-9868-57a2d4851a1d" />
    <TestList name="All Loaded Results" id="19431567-8539-422a-85d7-44ee4e166bda" />
  </TestLists>
  <TestEntries>
    <TestEntry testId="343cca0e-5b76-3735-7331-1de2e080b35e" executionId="613958f5-ab9d-45fa-af39-c5fdf8121cc1" testListId="8c84fa94-04c1-424b-9868-57a2d4851a1d" />
    <TestEntry testId="36736f15-6c94-af81-d39d-75e33fb0c14b" executionId="21919c26-59f7-450b-9300-d382346196b5" testListId="8c84fa94-04c1-424b-9868-57a2d4851a1d" />
    <TestEntry testId="490a3ff0-82b9-c934-c61b-43e808120b67" executionId="52e36ce5-1ce7-47df-961f-b98ae96fe1fb" testListId="8c84fa94-04c1-424b-9868-57a2d4851a1d" />
    <TestEntry testId="77b1bbe0-93ee-a9a8-a194-2703370a669b" executionId="8ace418d-c2ed-47f9-a86e-e286879d0510" testListId="8c84fa94-04c1-424b-9868-57a2d4851a1d" />
    <TestEntry testId="8982e24f-5805-2b5d-c944-b4061c91d459" executionId="94e1c6f2-a35b-4372-9c62-234cb0ded7b1" testListId="8c84fa94-04c1-424b-9868-57a2d4851a1d" />
  </TestEntries>
  <Results>
    <UnitTestResult executionId="613958f5-ab9d-45fa-af39-c5fdf8121cc1" testId="343cca0e-5b76-3735-7331-1de2e080b35e" testName="TestMethod1" computerName="GECKO" duration="00:00:00.0217641" startTime="2010-05-31T23:39:42.7095347+10:00" endTime="2010-05-31T23:39:42.9725497+10:00" testType="13cdc9d9-ddb5-4fa4-a97d-d965ccfc6d4b" outcome="Passed" testListId="8c84fa94-04c1-424b-9868-57a2d4851a1d" relativeResultsDirectory="613958f5-ab9d-45fa-af39-c5fdf8121cc1">
    </UnitTestResult>
    <UnitTestResult executionId="21919c26-59f7-450b-9300-d382346196b5" testId="36736f15-6c94-af81-d39d-75e33fb0c14b" testName="TestMethod2" computerName="GECKO" duration="00:00:00.0009308" startTime="2010-05-31T23:39:42.9765499+10:00" endTime="2010-05-31T23:39:42.9915508+10:00" testType="13cdc9d9-ddb5-4fa4-a97d-d965ccfc6d4b" outcome="Passed" testListId="8c84fa94-04c1-424b-9868-57a2d4851a1d" relativeResultsDirectory="21919c26-59f7-450b-9300-d382346196b5">
    </UnitTestResult>
    <UnitTestResult executionId="52e36ce5-1ce7-47df-961f-b98ae96fe1fb" testId="490a3ff0-82b9-c934-c61b-43e808120b67" testName="TestMethod4" computerName="GECKO" duration="00:00:00.0084413" startTime="2010-05-31T23:39:42.9955510+10:00" endTime="2010-05-31T23:39:43.0115519+10:00" testType="13cdc9d9-ddb5-4fa4-a97d-d965ccfc6d4b" outcome="Passed" testListId="8c84fa94-04c1-424b-9868-57a2d4851a1d" relativeResultsDirectory="52e36ce5-1ce7-47df-961f-b98ae96fe1fb">
    </UnitTestResult>
    <UnitTestResult executionId="8ace418d-c2ed-47f9-a86e-e286879d0510" testId="77b1bbe0-93ee-a9a8-a194-2703370a669b" testName="TestMethod3" computerName="GECKO" duration="00:00:00.0013172" startTime="2010-05-31T23:39:43.0335532+10:00" endTime="2010-05-31T23:39:43.0625549+10:00" testType="13cdc9d9-ddb5-4fa4-a97d-d965ccfc6d4b" outcome="Passed" testListId="8c84fa94-04c1-424b-9868-57a2d4851a1d" relativeResultsDirectory="8ace418d-c2ed-47f9-a86e-e286879d0510">
    </UnitTestResult>
    <UnitTestResult executionId="94e1c6f2-a35b-4372-9c62-234cb0ded7b1" testId="8982e24f-5805-2b5d-c944-b4061c91d459" testName="TestMethod5" computerName="GECKO" duration="00:00:00.0162270" startTime="2010-05-31T23:39:43.0855562+10:00" endTime="2010-05-31T23:39:43.1075574+10:00" testType="13cdc9d9-ddb5-4fa4-a97d-d965ccfc6d4b" outcome="Failed" testListId="8c84fa94-04c1-424b-9868-57a2d4851a1d" relativeResultsDirectory="94e1c6f2-a35b-4372-9c62-234cb0ded7b1">
      <Output>
        <ErrorInfo>
          <Message>Assert.AreEqual failed. Expected:&lt;1 d. 1 h. 1 min. 40 sec.&gt;. Actual:&lt;1 h. 1 min. 40 sec.&gt;. </Message>
          <StackTrace>   at Tests.Unit.Silverlight.UnitTest1.ConvertAndAssert(String convertToNiceTime, String expected) in D:\DataPeterGfader\ProjectsTFS-AtHome\Silverlight-Feedback\Silverlight-LOB-Demo-Application\Tests.Unit.Silverlight\UnitTest1.cs:line 93
   at Tests.Unit.Silverlight.UnitTest1.TestMethod5() in D:\DataPeterGfader\ProjectsTFS-AtHome\Silverlight-Feedback\Silverlight-LOB-Demo-Application\Tests.Unit.Silverlight\UnitTest1.cs:line 83
</StackTrace>
        </ErrorInfo>
      </Output>
    </UnitTestResult>
  </Results>
</TestRun>