<?xml version="1.0" encoding="UTF-8"?>
<TestRun id="5afd608e-2b4f-4e29-bb0a-b13748577b11" name="PeterGfader@GECKO 2010-05-31 23:32:08" runUser="SSW2000\PeterGfader" xmlns="http://microsoft.com/schemas/VisualStudio/TeamTest/2010">
  <TestSettings name="Local" id="e2f71690-26e0-4119-a69e-37d8111239f3">
    <Description>These are default test settings for a local test run.</Description>
    <Deployment enabled="false" runDeploymentRoot="PeterGfader_GECKO 2010-05-31 23_32_08" />
    <Execution>
      <TestTypeSpecific />
      <AgentRule name="Execution Agents">
      </AgentRule>
    </Execution>
  </TestSettings>
  <Times creation="2010-05-31T23:32:08.5825601+10:00" queuing="2010-05-31T23:32:08.5975609+10:00" start="2010-05-31T23:32:08.6355631+10:00" finish="2010-05-31T23:32:09.1025898+10:00" />
  <ResultSummary outcome="Completed">
    <Counters total="1" executed="1" passed="1" error="0" failed="0" timeout="0" aborted="0" inconclusive="0" passedButRunAborted="0" notRunnable="0" notExecuted="0" disconnected="0" warning="0" completed="0" inProgress="0" pending="0" />
  </ResultSummary>
  <TestDefinitions>
    <UnitTest name="TestMethod1" storage="d:\datapetergfader\projectstfs-athome\silverlight-feedback\silverlight-lob-demo-application\tests.unit.silverlight\bin\debug\tests.unit.silverlight.dll" id="343cca0e-5b76-3735-7331-1de2e080b35e">
      <Execution id="93a3dc38-2a17-4d1f-9fb7-01f55590d23f" />
      <TestMethod codeBase="D:/DataPeterGfader/ProjectsTFS-AtHome/Silverlight-Feedback/Silverlight-LOB-Demo-Application/Tests.Unit.Silverlight/bin/Debug/Tests.Unit.Silverlight.DLL" adapterTypeName="Microsoft.VisualStudio.TestTools.TestTypes.Unit.UnitTestAdapter, Microsoft.VisualStudio.QualityTools.Tips.UnitTest.Adapter, Version=10.0.0.0, Culture=neutral, PublicKeyToken=b03f5f7f11d50a3a" className="Tests.Unit.Silverlight.UnitTest1, Tests.Unit.Silverlight, Version=1.0.0.0, Culture=neutral, PublicKeyToken=null" name="TestMethod1" />
    </UnitTest>
  </TestDefinitions>
  <TestLists>
    <TestList name="Results Not in a List" id="8c84fa94-04c1-424b-9868-57a2d4851a1d" />
    <TestList name="All Loaded Results" id="19431567-8539-422a-85d7-44ee4e166bda" />
  </TestLists>
  <TestEntries>
    <TestEntry testId="343cca0e-5b76-3735-7331-1de2e080b35e" executionId="93a3dc38-2a17-4d1f-9fb7-01f55590d23f" testListId="8c84fa94-04c1-424b-9868-57a2d4851a1d" />
  </TestEntries>
  <Results>
    <UnitTestResult executionId="93a3dc38-2a17-4d1f-9fb7-01f55590d23f" testId="343cca0e-5b76-3735-7331-1de2e080b35e" testName="TestMethod1" computerName="GECKO" duration="00:00:00.0164426" startTime="2010-05-31T23:32:08.6835659+10:00" endTime="2010-05-31T23:32:09.0065843+10:00" testType="13cdc9d9-ddb5-4fa4-a97d-d965ccfc6d4b" outcome="Passed" testListId="8c84fa94-04c1-424b-9868-57a2d4851a1d" relativeResultsDirectory="93a3dc38-2a17-4d1f-9fb7-01f55590d23f">
    </UnitTestResult>
  </Results>
</TestRun>